2020-06-26 14:05:26[WARN] user: vagrant
GET /books/
USE eager loading detected
  Book => [:user]
  Add to your query: .includes([:user])
Call stack
  /vagrant/Bookers2_devise/app/views/books/index.html.erb:71:in `block in _app_views_books_index_html_erb___4402002307497225562_47460820035520'
  /vagrant/Bookers2_devise/app/views/books/index.html.erb:67:in `_app_views_books_index_html_erb___4402002307497225562_47460820035520'

2020-06-26 14:05:26[WARN] user: vagrant
GET /books/
USE eager loading detected
  Book => [:taggings]
  Add to your query: .includes([:taggings])
Call stack
  /vagrant/Bookers2_devise/app/views/books/index.html.erb:73:in `block in _app_views_books_index_html_erb___4402002307497225562_47460820035520'
  /vagrant/Bookers2_devise/app/views/books/index.html.erb:67:in `_app_views_books_index_html_erb___4402002307497225562_47460820035520'

2020-06-26 14:07:39[WARN] user: vagrant
GET /books/
USE eager loading detected
  Book => [:user]
  Add to your query: .includes([:user])
Call stack
  /vagrant/Bookers2_devise/app/views/books/index.html.erb:71:in `block in _app_views_books_index_html_erb___3240334989668125256_47174636269720'
  /vagrant/Bookers2_devise/app/views/books/index.html.erb:67:in `_app_views_books_index_html_erb___3240334989668125256_47174636269720'

2020-06-26 14:07:39[WARN] user: vagrant
GET /books/
USE eager loading detected
  Book => [:taggings]
  Add to your query: .includes([:taggings])
Call stack
  /vagrant/Bookers2_devise/app/views/books/index.html.erb:73:in `block in _app_views_books_index_html_erb___3240334989668125256_47174636269720'
  /vagrant/Bookers2_devise/app/views/books/index.html.erb:67:in `_app_views_books_index_html_erb___3240334989668125256_47174636269720'

2020-06-26 14:08:35[WARN] user: vagrant
GET /books/
USE eager loading detected
  Book => [:user]
  Add to your query: .includes([:user])
Call stack
  /vagrant/Bookers2_devise/app/views/books/index.html.erb:71:in `block in _app_views_books_index_html_erb___1231317902364817884_46913921635500'
  /vagrant/Bookers2_devise/app/views/books/index.html.erb:67:in `_app_views_books_index_html_erb___1231317902364817884_46913921635500'

2020-06-26 14:08:35[WARN] user: vagrant
GET /books/
USE eager loading detected
  Book => [:taggings]
  Add to your query: .includes([:taggings])
Call stack
  /vagrant/Bookers2_devise/app/views/books/index.html.erb:73:in `block in _app_views_books_index_html_erb___1231317902364817884_46913921635500'
  /vagrant/Bookers2_devise/app/views/books/index.html.erb:67:in `_app_views_books_index_html_erb___1231317902364817884_46913921635500'

2020-06-26 14:09:08[WARN] user: vagrant
GET /books/
USE eager loading detected
  Book => [:user]
  Add to your query: .includes([:user])
Call stack
  /vagrant/Bookers2_devise/app/views/books/index.html.erb:71:in `block in _app_views_books_index_html_erb__4404326281602946677_47243984551440'
  /vagrant/Bookers2_devise/app/views/books/index.html.erb:67:in `_app_views_books_index_html_erb__4404326281602946677_47243984551440'

2020-06-26 14:09:08[WARN] user: vagrant
GET /books/
USE eager loading detected
  Book => [:taggings]
  Add to your query: .includes([:taggings])
Call stack
  /vagrant/Bookers2_devise/app/views/books/index.html.erb:73:in `block in _app_views_books_index_html_erb__4404326281602946677_47243984551440'
  /vagrant/Bookers2_devise/app/views/books/index.html.erb:67:in `_app_views_books_index_html_erb__4404326281602946677_47243984551440'

2020-06-26 14:11:21[WARN] user: vagrant
GET /books/
USE eager loading detected
  Book => [:user]
  Add to your query: .includes([:user])
Call stack
  /vagrant/Bookers2_devise/app/views/books/index.html.erb:71:in `block in _app_views_books_index_html_erb___1203137599002427826_70022197849960'
  /vagrant/Bookers2_devise/app/views/books/index.html.erb:67:in `_app_views_books_index_html_erb___1203137599002427826_70022197849960'

2020-06-26 14:11:21[WARN] user: vagrant
GET /books/
USE eager loading detected
  Book => [:taggings]
  Add to your query: .includes([:taggings])
Call stack
  /vagrant/Bookers2_devise/app/views/books/index.html.erb:73:in `block in _app_views_books_index_html_erb___1203137599002427826_70022197849960'
  /vagrant/Bookers2_devise/app/views/books/index.html.erb:67:in `_app_views_books_index_html_erb___1203137599002427826_70022197849960'

